  A.cpp
  C++class.cpp
  complex.cpp
D:\C++\C++with class\complex.h(59,19): warning C4244: “return”: 从“double”转换到“int”，可能丢失数据
  (编译源文件“C++class.cpp”)
  
D:\C++\C++with class\C++class.cpp(3,9): error C1083: 无法打开包括文件: “template”: No such file or directory
D:\C++\C++with class\complex.h(59,19): warning C4244: “return”: 从“double”转换到“int”，可能丢失数据
  (编译源文件“complex.cpp”)
  
D:\C++\C++with class\complex.cpp(2,17): error C2601: “_doapl”: 本地函数定义是非法的
      D:\C++\C++with class\complex.h(81,57):
      此行有一个“{”没有匹配项
  
D:\C++\C++with class\complex.cpp(10,19): error C2601: “complex::operator +=”: 本地函数定义是非法的
      D:\C++\C++with class\complex.h(81,57):
      此行有一个“{”没有匹配项
  
D:\C++\C++with class\complex.cpp(14,15): error C2601: “complex::function”: 本地函数定义是非法的
      D:\C++\C++with class\complex.h(81,57):
      此行有一个“{”没有匹配项
  
D:\C++\C++with class\complex.cpp(18,15): error C2601: “real”: 本地函数定义是非法的
      D:\C++\C++with class\complex.h(81,57):
      此行有一个“{”没有匹配项
  
D:\C++\C++with class\complex.cpp(19,15): error C2601: “imag”: 本地函数定义是非法的
      D:\C++\C++with class\complex.h(81,57):
      此行有一个“{”没有匹配项
  
D:\C++\C++with class\complex.cpp(20,16): error C2601: “operator +”: 本地函数定义是非法的
      D:\C++\C++with class\complex.h(81,57):
      此行有一个“{”没有匹配项
  
D:\C++\C++with class\complex.cpp(23,16): error C2601: “operator +”: 本地函数定义是非法的
      D:\C++\C++with class\complex.h(81,57):
      此行有一个“{”没有匹配项
  
D:\C++\C++with class\complex.cpp(26,16): error C2601: “operator +”: 本地函数定义是非法的
      D:\C++\C++with class\complex.h(81,57):
      此行有一个“{”没有匹配项
  
D:\C++\C++with class\complex.cpp(29,16): error C2601: “operator +”: 本地函数定义是非法的
      D:\C++\C++with class\complex.h(81,57):
      此行有一个“{”没有匹配项
  
D:\C++\C++with class\complex.cpp(32,16): error C2601: “operator -”: 本地函数定义是非法的
      D:\C++\C++with class\complex.h(81,57):
      此行有一个“{”没有匹配项
  
D:\C++\C++with class\complex.cpp(36,13): error C2601: “operator ==”: 本地函数定义是非法的
      D:\C++\C++with class\complex.h(81,57):
      此行有一个“{”没有匹配项
  
D:\C++\C++with class\complex.cpp(40,13): error C2601: “operator ==”: 本地函数定义是非法的
      D:\C++\C++with class\complex.h(81,57):
      此行有一个“{”没有匹配项
  
D:\C++\C++with class\complex.h(81,57): error C1075: “{”: 未找到匹配令牌
  (编译源文件“complex.cpp”)
  
  正在生成代码...
